<?xml version="1.0" encoding="UTF-8"?>
<testng-results skipped="0" failed="0" total="1" passed="1">
  <reporter-output>
  </reporter-output>
  <suite name="Default suite" duration-ms="31" started-at="2015-06-29T19:56:46Z" finished-at="2015-06-29T19:56:46Z">
    <groups>
    </groups>
    <test name="Default test" duration-ms="31" started-at="2015-06-29T19:56:46Z" finished-at="2015-06-29T19:56:46Z">
      <class name="com.techm.xmlfiles.ReadingXMLFile">
        <test-method status="PASS" signature="f()[pri:0, instance:com.techm.xmlfiles.ReadingXMLFile@1ef7fe8e]" name="f" duration-ms="20" started-at="2015-06-29T14:56:46Z" finished-at="2015-06-29T14:56:46Z">
          <reporter-output>
          </reporter-output>
        </test-method> <!-- f -->
      </class> <!-- com.techm.xmlfiles.ReadingXMLFile -->
    </test> <!-- Default test -->
  </suite> <!-- Default suite -->
</testng-results>
